Build started 3/10/2016 6:02:06 PM.
     1>Project "c:\Users\Sherry\documents\visual studio 2010\Projects\HW07\HW07\HW07.vcxproj" on node 2 (build target(s)).
     1>InitializeBuildStatus:
         Creating "Debug\HW07.unsuccessfulbuild" because "AlwaysCreate" was specified.
       ClCompile:
         C:\Program Files (x86)\Microsoft Visual Studio 10.0\VC\bin\CL.exe /c /ZI /nologo /W3 /WX- /Od /Oy- /D _MBCS /Gm /EHsc /RTC1 /MDd /GS /fp:precise /Zc:wchar_t /Zc:forScope /Fo"Debug\\" /Fd"Debug\vc100.pdb" /Gd /TP /analyze- /errorReport:prompt main.cpp
         main.cpp
     1>c:\users\sherry\documents\visual studio 2010\projects\hw07\hw07\main.cpp(28): warning C4554: '&' : check operator precedence for possible error; use parentheses to clarify precedence
     1>c:\users\sherry\documents\visual studio 2010\projects\hw07\hw07\main.cpp(30): warning C4554: '&' : check operator precedence for possible error; use parentheses to clarify precedence
     1>c:\users\sherry\documents\visual studio 2010\projects\hw07\hw07\main.cpp(32): warning C4554: '&' : check operator precedence for possible error; use parentheses to clarify precedence
     1>c:\users\sherry\documents\visual studio 2010\projects\hw07\hw07\main.cpp(34): warning C4554: '&' : check operator precedence for possible error; use parentheses to clarify precedence
     1>c:\users\sherry\documents\visual studio 2010\projects\hw07\hw07\main.cpp(36): warning C4554: '&' : check operator precedence for possible error; use parentheses to clarify precedence
     1>c:\users\sherry\documents\visual studio 2010\projects\hw07\hw07\main.cpp(38): warning C4554: '&' : check operator precedence for possible error; use parentheses to clarify precedence
     1>c:\users\sherry\documents\visual studio 2010\projects\hw07\hw07\main.cpp(40): warning C4554: '&' : check operator precedence for possible error; use parentheses to clarify precedence
     1>c:\users\sherry\documents\visual studio 2010\projects\hw07\hw07\main.cpp(42): warning C4554: '&' : check operator precedence for possible error; use parentheses to clarify precedence
     1>c:\users\sherry\documents\visual studio 2010\projects\hw07\hw07\main.cpp(44): warning C4554: '&' : check operator precedence for possible error; use parentheses to clarify precedence
     1>c:\users\sherry\documents\visual studio 2010\projects\hw07\hw07\main.cpp(46): warning C4554: '&' : check operator precedence for possible error; use parentheses to clarify precedence
     1>c:\users\sherry\documents\visual studio 2010\projects\hw07\hw07\main.cpp(48): warning C4554: '&' : check operator precedence for possible error; use parentheses to clarify precedence
     1>c:\users\sherry\documents\visual studio 2010\projects\hw07\hw07\main.cpp(50): warning C4554: '&' : check operator precedence for possible error; use parentheses to clarify precedence
     1>c:\users\sherry\documents\visual studio 2010\projects\hw07\hw07\main.cpp(92): warning C4244: 'argument' : conversion from 'time_t' to 'unsigned int', possible loss of data
       Link:
         C:\Program Files (x86)\Microsoft Visual Studio 10.0\VC\bin\link.exe /ERRORREPORT:PROMPT /OUT:"c:\users\sherry\documents\visual studio 2010\Projects\HW07\Debug\HW07.exe" /NOLOGO kernel32.lib user32.lib gdi32.lib winspool.lib comdlg32.lib advapi32.lib shell32.lib ole32.lib oleaut32.lib uuid.lib odbc32.lib odbccp32.lib /MANIFEST /ManifestFile:"Debug\HW07.exe.intermediate.manifest" /MANIFESTUAC:"level='asInvoker' uiAccess='false'" /DEBUG /PDB:"c:\users\sherry\documents\visual studio 2010\Projects\HW07\Debug\HW07.pdb" /SUBSYSTEM:CONSOLE /TLBID:1 /DYNAMICBASE /NXCOMPAT /IMPLIB:"c:\users\sherry\documents\visual studio 2010\Projects\HW07\Debug\HW07.lib" /MACHINE:X86 Debug\main.obj
         LINK : c:\users\sherry\documents\visual studio 2010\Projects\HW07\Debug\HW07.exe not found or not built by the last incremental link; performing full link
         HW07.vcxproj -> c:\users\sherry\documents\visual studio 2010\Projects\HW07\Debug\HW07.exe
       Manifest:
         C:\Program Files (x86)\Microsoft SDKs\Windows\v7.0A\bin\mt.exe /nologo /verbose /outputresource:"c:\users\sherry\documents\visual studio 2010\Projects\HW07\Debug\HW07.exe;#1" /manifest Debug\HW07.exe.intermediate.manifest
       FinalizeBuildStatus:
         Deleting file "Debug\HW07.unsuccessfulbuild".
         Touching "Debug\HW07.lastbuildstate".
     1>Done Building Project "c:\Users\Sherry\documents\visual studio 2010\Projects\HW07\HW07\HW07.vcxproj" (build target(s)).

Build succeeded.

Time Elapsed 00:00:01.39
