C:\Program Files (x86)\MSBuild\Microsoft.Cpp\v4.0\V140\Microsoft.CppBuild.targets(392,5): warning MSB8028: The intermediate directory (Debug\) contains files shared from another project (sfml-template.vcxproj).  This can lead to incorrect clean and rebuild behavior.
  main.cpp
c:\users\sherry\documents\visual studio 2015\projects\hw10\sfml-template\main.cpp(49): warning C4244: 'argument': conversion from 'double' to 'float', possible loss of data
c:\users\sherry\documents\visual studio 2015\projects\hw10\sfml-template\main.cpp(49): warning C4244: 'argument': conversion from 'int' to 'float', possible loss of data
c:\users\sherry\documents\visual studio 2015\projects\hw10\sfml-template\main.cpp(50): warning C4244: 'argument': conversion from 'double' to 'float', possible loss of data
c:\users\sherry\documents\visual studio 2015\projects\hw10\sfml-template\main.cpp(51): warning C4244: 'argument': conversion from 'int' to 'float', possible loss of data
c:\users\sherry\documents\visual studio 2015\projects\hw10\sfml-template\main.cpp(105): warning C4244: 'initializing': conversion from 'double' to 'int', possible loss of data
c:\users\sherry\documents\visual studio 2015\projects\hw10\sfml-template\main.cpp(110): warning C4244: '=': conversion from 'double' to 'int', possible loss of data
sfml-graphics-s-d.lib(BlendMode.cpp.obj) : warning LNK4099: PDB 'vc140.pdb' was not found with 'sfml-graphics-s-d.lib(BlendMode.cpp.obj)' or at 'C:\Users\Sherry\Documents\Visual Studio 2015\Projects\HW10\Debug\vc140.pdb'; linking object as if no debug info
sfml-graphics-s-d.lib(Color.cpp.obj) : warning LNK4099: PDB 'vc140.pdb' was not found with 'sfml-graphics-s-d.lib(Color.cpp.obj)' or at 'C:\Users\Sherry\Documents\Visual Studio 2015\Projects\HW10\Debug\vc140.pdb'; linking object as if no debug info
sfml-graphics-s-d.lib(Font.cpp.obj) : warning LNK4099: PDB 'vc140.pdb' was not found with 'sfml-graphics-s-d.lib(Font.cpp.obj)' or at 'C:\Users\Sherry\Documents\Visual Studio 2015\Projects\HW10\Debug\vc140.pdb'; linking object as if no debug info
sfml-graphics-s-d.lib(GLCheck.cpp.obj) : warning LNK4099: PDB 'vc140.pdb' was not found with 'sfml-graphics-s-d.lib(GLCheck.cpp.obj)' or at 'C:\Users\Sherry\Documents\Visual Studio 2015\Projects\HW10\Debug\vc140.pdb'; linking object as if no debug info
sfml-graphics-s-d.lib(GLExtensions.cpp.obj) : warning LNK4099: PDB 'vc140.pdb' was not found with 'sfml-graphics-s-d.lib(GLExtensions.cpp.obj)' or at 'C:\Users\Sherry\Documents\Visual Studio 2015\Projects\HW10\Debug\vc140.pdb'; linking object as if no debug info
sfml-graphics-s-d.lib(Image.cpp.obj) : warning LNK4099: PDB 'vc140.pdb' was not found with 'sfml-graphics-s-d.lib(Image.cpp.obj)' or at 'C:\Users\Sherry\Documents\Visual Studio 2015\Projects\HW10\Debug\vc140.pdb'; linking object as if no debug info
sfml-graphics-s-d.lib(ImageLoader.cpp.obj) : warning LNK4099: PDB 'vc140.pdb' was not found with 'sfml-graphics-s-d.lib(ImageLoader.cpp.obj)' or at 'C:\Users\Sherry\Documents\Visual Studio 2015\Projects\HW10\Debug\vc140.pdb'; linking object as if no debug info
sfml-graphics-s-d.lib(RenderStates.cpp.obj) : warning LNK4099: PDB 'vc140.pdb' was not found with 'sfml-graphics-s-d.lib(RenderStates.cpp.obj)' or at 'C:\Users\Sherry\Documents\Visual Studio 2015\Projects\HW10\Debug\vc140.pdb'; linking object as if no debug info
sfml-graphics-s-d.lib(RenderTarget.cpp.obj) : warning LNK4099: PDB 'vc140.pdb' was not found with 'sfml-graphics-s-d.lib(RenderTarget.cpp.obj)' or at 'C:\Users\Sherry\Documents\Visual Studio 2015\Projects\HW10\Debug\vc140.pdb'; linking object as if no debug info
sfml-graphics-s-d.lib(RenderWindow.cpp.obj) : warning LNK4099: PDB 'vc140.pdb' was not found with 'sfml-graphics-s-d.lib(RenderWindow.cpp.obj)' or at 'C:\Users\Sherry\Documents\Visual Studio 2015\Projects\HW10\Debug\vc140.pdb'; linking object as if no debug info
sfml-graphics-s-d.lib(Shader.cpp.obj) : warning LNK4099: PDB 'vc140.pdb' was not found with 'sfml-graphics-s-d.lib(Shader.cpp.obj)' or at 'C:\Users\Sherry\Documents\Visual Studio 2015\Projects\HW10\Debug\vc140.pdb'; linking object as if no debug info
sfml-graphics-s-d.lib(Texture.cpp.obj) : warning LNK4099: PDB 'vc140.pdb' was not found with 'sfml-graphics-s-d.lib(Texture.cpp.obj)' or at 'C:\Users\Sherry\Documents\Visual Studio 2015\Projects\HW10\Debug\vc140.pdb'; linking object as if no debug info
sfml-graphics-s-d.lib(TextureSaver.cpp.obj) : warning LNK4099: PDB 'vc140.pdb' was not found with 'sfml-graphics-s-d.lib(TextureSaver.cpp.obj)' or at 'C:\Users\Sherry\Documents\Visual Studio 2015\Projects\HW10\Debug\vc140.pdb'; linking object as if no debug info
sfml-graphics-s-d.lib(Transform.cpp.obj) : warning LNK4099: PDB 'vc140.pdb' was not found with 'sfml-graphics-s-d.lib(Transform.cpp.obj)' or at 'C:\Users\Sherry\Documents\Visual Studio 2015\Projects\HW10\Debug\vc140.pdb'; linking object as if no debug info
sfml-graphics-s-d.lib(Transformable.cpp.obj) : warning LNK4099: PDB 'vc140.pdb' was not found with 'sfml-graphics-s-d.lib(Transformable.cpp.obj)' or at 'C:\Users\Sherry\Documents\Visual Studio 2015\Projects\HW10\Debug\vc140.pdb'; linking object as if no debug info
sfml-graphics-s-d.lib(View.cpp.obj) : warning LNK4099: PDB 'vc140.pdb' was not found with 'sfml-graphics-s-d.lib(View.cpp.obj)' or at 'C:\Users\Sherry\Documents\Visual Studio 2015\Projects\HW10\Debug\vc140.pdb'; linking object as if no debug info
sfml-graphics-s-d.lib(Vertex.cpp.obj) : warning LNK4099: PDB 'vc140.pdb' was not found with 'sfml-graphics-s-d.lib(Vertex.cpp.obj)' or at 'C:\Users\Sherry\Documents\Visual Studio 2015\Projects\HW10\Debug\vc140.pdb'; linking object as if no debug info
sfml-graphics-s-d.lib(GLLoader.cpp.obj) : warning LNK4099: PDB 'vc140.pdb' was not found with 'sfml-graphics-s-d.lib(GLLoader.cpp.obj)' or at 'C:\Users\Sherry\Documents\Visual Studio 2015\Projects\HW10\Debug\vc140.pdb'; linking object as if no debug info
sfml-graphics-s-d.lib(Shape.cpp.obj) : warning LNK4099: PDB 'vc140.pdb' was not found with 'sfml-graphics-s-d.lib(Shape.cpp.obj)' or at 'C:\Users\Sherry\Documents\Visual Studio 2015\Projects\HW10\Debug\vc140.pdb'; linking object as if no debug info
sfml-graphics-s-d.lib(RectangleShape.cpp.obj) : warning LNK4099: PDB 'vc140.pdb' was not found with 'sfml-graphics-s-d.lib(RectangleShape.cpp.obj)' or at 'C:\Users\Sherry\Documents\Visual Studio 2015\Projects\HW10\Debug\vc140.pdb'; linking object as if no debug info
sfml-graphics-s-d.lib(Text.cpp.obj) : warning LNK4099: PDB 'vc140.pdb' was not found with 'sfml-graphics-s-d.lib(Text.cpp.obj)' or at 'C:\Users\Sherry\Documents\Visual Studio 2015\Projects\HW10\Debug\vc140.pdb'; linking object as if no debug info
sfml-graphics-s-d.lib(VertexArray.cpp.obj) : warning LNK4099: PDB 'vc140.pdb' was not found with 'sfml-graphics-s-d.lib(VertexArray.cpp.obj)' or at 'C:\Users\Sherry\Documents\Visual Studio 2015\Projects\HW10\Debug\vc140.pdb'; linking object as if no debug info
sfml-window-s-d.lib(Context.cpp.obj) : warning LNK4099: PDB 'vc140.pdb' was not found with 'sfml-window-s-d.lib(Context.cpp.obj)' or at 'C:\Users\Sherry\Documents\Visual Studio 2015\Projects\HW10\Debug\vc140.pdb'; linking object as if no debug info
sfml-window-s-d.lib(GlContext.cpp.obj) : warning LNK4099: PDB 'vc140.pdb' was not found with 'sfml-window-s-d.lib(GlContext.cpp.obj)' or at 'C:\Users\Sherry\Documents\Visual Studio 2015\Projects\HW10\Debug\vc140.pdb'; linking object as if no debug info
sfml-window-s-d.lib(GlResource.cpp.obj) : warning LNK4099: PDB 'vc140.pdb' was not found with 'sfml-window-s-d.lib(GlResource.cpp.obj)' or at 'C:\Users\Sherry\Documents\Visual Studio 2015\Projects\HW10\Debug\vc140.pdb'; linking object as if no debug info
sfml-window-s-d.lib(Joystick.cpp.obj) : warning LNK4099: PDB 'vc140.pdb' was not found with 'sfml-window-s-d.lib(Joystick.cpp.obj)' or at 'C:\Users\Sherry\Documents\Visual Studio 2015\Projects\HW10\Debug\vc140.pdb'; linking object as if no debug info
sfml-window-s-d.lib(JoystickManager.cpp.obj) : warning LNK4099: PDB 'vc140.pdb' was not found with 'sfml-window-s-d.lib(JoystickManager.cpp.obj)' or at 'C:\Users\Sherry\Documents\Visual Studio 2015\Projects\HW10\Debug\vc140.pdb'; linking object as if no debug info
sfml-window-s-d.lib(SensorManager.cpp.obj) : warning LNK4099: PDB 'vc140.pdb' was not found with 'sfml-window-s-d.lib(SensorManager.cpp.obj)' or at 'C:\Users\Sherry\Documents\Visual Studio 2015\Projects\HW10\Debug\vc140.pdb'; linking object as if no debug info
sfml-window-s-d.lib(VideoMode.cpp.obj) : warning LNK4099: PDB 'vc140.pdb' was not found with 'sfml-window-s-d.lib(VideoMode.cpp.obj)' or at 'C:\Users\Sherry\Documents\Visual Studio 2015\Projects\HW10\Debug\vc140.pdb'; linking object as if no debug info
sfml-window-s-d.lib(Window.cpp.obj) : warning LNK4099: PDB 'vc140.pdb' was not found with 'sfml-window-s-d.lib(Window.cpp.obj)' or at 'C:\Users\Sherry\Documents\Visual Studio 2015\Projects\HW10\Debug\vc140.pdb'; linking object as if no debug info
sfml-window-s-d.lib(WindowImpl.cpp.obj) : warning LNK4099: PDB 'vc140.pdb' was not found with 'sfml-window-s-d.lib(WindowImpl.cpp.obj)' or at 'C:\Users\Sherry\Documents\Visual Studio 2015\Projects\HW10\Debug\vc140.pdb'; linking object as if no debug info
sfml-window-s-d.lib(WglContext.cpp.obj) : warning LNK4099: PDB 'vc140.pdb' was not found with 'sfml-window-s-d.lib(WglContext.cpp.obj)' or at 'C:\Users\Sherry\Documents\Visual Studio 2015\Projects\HW10\Debug\vc140.pdb'; linking object as if no debug info
sfml-window-s-d.lib(WglExtensions.cpp.obj) : warning LNK4099: PDB 'vc140.pdb' was not found with 'sfml-window-s-d.lib(WglExtensions.cpp.obj)' or at 'C:\Users\Sherry\Documents\Visual Studio 2015\Projects\HW10\Debug\vc140.pdb'; linking object as if no debug info
sfml-window-s-d.lib(JoystickImpl.cpp.obj) : warning LNK4099: PDB 'vc140.pdb' was not found with 'sfml-window-s-d.lib(JoystickImpl.cpp.obj)' or at 'C:\Users\Sherry\Documents\Visual Studio 2015\Projects\HW10\Debug\vc140.pdb'; linking object as if no debug info
sfml-window-s-d.lib(SensorImpl.cpp.obj) : warning LNK4099: PDB 'vc140.pdb' was not found with 'sfml-window-s-d.lib(SensorImpl.cpp.obj)' or at 'C:\Users\Sherry\Documents\Visual Studio 2015\Projects\HW10\Debug\vc140.pdb'; linking object as if no debug info
sfml-window-s-d.lib(VideoModeImpl.cpp.obj) : warning LNK4099: PDB 'vc140.pdb' was not found with 'sfml-window-s-d.lib(VideoModeImpl.cpp.obj)' or at 'C:\Users\Sherry\Documents\Visual Studio 2015\Projects\HW10\Debug\vc140.pdb'; linking object as if no debug info
sfml-window-s-d.lib(WindowImplWin32.cpp.obj) : warning LNK4099: PDB 'vc140.pdb' was not found with 'sfml-window-s-d.lib(WindowImplWin32.cpp.obj)' or at 'C:\Users\Sherry\Documents\Visual Studio 2015\Projects\HW10\Debug\vc140.pdb'; linking object as if no debug info
sfml-system-s-d.lib(Clock.cpp.obj) : warning LNK4099: PDB 'vc140.pdb' was not found with 'sfml-system-s-d.lib(Clock.cpp.obj)' or at 'C:\Users\Sherry\Documents\Visual Studio 2015\Projects\HW10\Debug\vc140.pdb'; linking object as if no debug info
sfml-system-s-d.lib(Err.cpp.obj) : warning LNK4099: PDB 'vc140.pdb' was not found with 'sfml-system-s-d.lib(Err.cpp.obj)' or at 'C:\Users\Sherry\Documents\Visual Studio 2015\Projects\HW10\Debug\vc140.pdb'; linking object as if no debug info
sfml-system-s-d.lib(Lock.cpp.obj) : warning LNK4099: PDB 'vc140.pdb' was not found with 'sfml-system-s-d.lib(Lock.cpp.obj)' or at 'C:\Users\Sherry\Documents\Visual Studio 2015\Projects\HW10\Debug\vc140.pdb'; linking object as if no debug info
sfml-system-s-d.lib(Mutex.cpp.obj) : warning LNK4099: PDB 'vc140.pdb' was not found with 'sfml-system-s-d.lib(Mutex.cpp.obj)' or at 'C:\Users\Sherry\Documents\Visual Studio 2015\Projects\HW10\Debug\vc140.pdb'; linking object as if no debug info
sfml-system-s-d.lib(Sleep.cpp.obj) : warning LNK4099: PDB 'vc140.pdb' was not found with 'sfml-system-s-d.lib(Sleep.cpp.obj)' or at 'C:\Users\Sherry\Documents\Visual Studio 2015\Projects\HW10\Debug\vc140.pdb'; linking object as if no debug info
sfml-system-s-d.lib(String.cpp.obj) : warning LNK4099: PDB 'vc140.pdb' was not found with 'sfml-system-s-d.lib(String.cpp.obj)' or at 'C:\Users\Sherry\Documents\Visual Studio 2015\Projects\HW10\Debug\vc140.pdb'; linking object as if no debug info
sfml-system-s-d.lib(ThreadLocal.cpp.obj) : warning LNK4099: PDB 'vc140.pdb' was not found with 'sfml-system-s-d.lib(ThreadLocal.cpp.obj)' or at 'C:\Users\Sherry\Documents\Visual Studio 2015\Projects\HW10\Debug\vc140.pdb'; linking object as if no debug info
sfml-system-s-d.lib(Time.cpp.obj) : warning LNK4099: PDB 'vc140.pdb' was not found with 'sfml-system-s-d.lib(Time.cpp.obj)' or at 'C:\Users\Sherry\Documents\Visual Studio 2015\Projects\HW10\Debug\vc140.pdb'; linking object as if no debug info
sfml-system-s-d.lib(ClockImpl.cpp.obj) : warning LNK4099: PDB 'vc140.pdb' was not found with 'sfml-system-s-d.lib(ClockImpl.cpp.obj)' or at 'C:\Users\Sherry\Documents\Visual Studio 2015\Projects\HW10\Debug\vc140.pdb'; linking object as if no debug info
sfml-system-s-d.lib(MutexImpl.cpp.obj) : warning LNK4099: PDB 'vc140.pdb' was not found with 'sfml-system-s-d.lib(MutexImpl.cpp.obj)' or at 'C:\Users\Sherry\Documents\Visual Studio 2015\Projects\HW10\Debug\vc140.pdb'; linking object as if no debug info
sfml-system-s-d.lib(SleepImpl.cpp.obj) : warning LNK4099: PDB 'vc140.pdb' was not found with 'sfml-system-s-d.lib(SleepImpl.cpp.obj)' or at 'C:\Users\Sherry\Documents\Visual Studio 2015\Projects\HW10\Debug\vc140.pdb'; linking object as if no debug info
sfml-system-s-d.lib(ThreadLocalImpl.cpp.obj) : warning LNK4099: PDB 'vc140.pdb' was not found with 'sfml-system-s-d.lib(ThreadLocalImpl.cpp.obj)' or at 'C:\Users\Sherry\Documents\Visual Studio 2015\Projects\HW10\Debug\vc140.pdb'; linking object as if no debug info
  sfml-template.vcxproj -> C:\Users\Sherry\Documents\Visual Studio 2015\Projects\HW10\Debug\HW10.exe
